<?xml version="1.0" encoding="UTF-8"?>
<!-- Generated by org.testng.reporters.JUnitXMLReporter -->
<testsuite hostname="Netras-MBP.localdomain" ignored="0" name="First Test" tests="13" failures="0" timestamp="2022-05-25T10:11:09 PDT" time="161.844" errors="0">
  <testcase name="registerWithCorrectInput" time="0.989" classname="testNG.AmazonRegistationTests"/>
  <testcase name="registerWithAllBlankInput" time="0.61" classname="testNG.AmazonRegistationTests"/>
  <testcase name="registerWithIncorrectEmail" time="0.705" classname="testNG.AmazonRegistationTests"/>
  <testcase name="registerWithPasswordMIssMatch" time="0.762" classname="testNG.AmazonRegistationTests"/>
  <testcase name="registerWithMobileNumber" time="0.544" classname="testNG.AmazonRegistationTests"/>
  <testcase name="loginWithValidCredential" time="5.947" classname="testNG.AmazonLoginTests"/>
  <testcase name="loginWithIncorrectPassword" time="1.879" classname="testNG.AmazonLoginTests"/>
  <testcase name="loginWithIncorrectEmail" time="0.684" classname="testNG.AmazonLoginTests"/>
  <testcase name="loginWithBlankEmail" time="0.264" classname="testNG.AmazonLoginTests"/>
  <testcase name="addToCart" time="10.953" classname="testNG.AmazonCartAndCheckout"/>
  <testcase name="addToCartAndCheckCart" time="13.283" classname="testNG.AmazonCartAndCheckout"/>
  <testcase name="addToCartAndDeleteItem" time="13.912" classname="testNG.AmazonCartAndCheckout"/>
  <testcase name="checkoutCartAndSaveForLater" time="15.695" classname="testNG.AmazonCartAndCheckout"/>
</testsuite> <!-- First Test -->
