<?xml version="1.0" encoding="UTF-8"?>
<!-- Generated by org.testng.reporters.JUnitXMLReporter -->
<testsuite hostname="Netras-MBP.localdomain" ignored="1" name="Default test" tests="1" failures="0" timestamp="2022-05-29T14:12:06 PDT" time="10.795" errors="0">
  <testcase name="checkValidUser" time="4.966" classname="com.wordpress.Testcases.VerifyValidLogin"/>
  <testcase name="checkInValidpass" time="0.0" classname="com.wordpress.Testcases.VerifyValidLogin">
    <ignored/>
  </testcase> <!-- checkInValidpass -->
</testsuite> <!-- Default test -->
